<?xml version="1.0" encoding="UTF-8"?>
<testsuite name="com.example.tekken.TekkenApplicationTests" tests="1" skipped="0" failures="0" errors="0" timestamp="2026-05-19T11:57:22.647Z" hostname="JUHWANLEE" time="0.404">
  <properties/>
  <testcase name="contextLoads()" classname="com.example.tekken.TekkenApplicationTests" time="0.404"/>
  <system-out><![CDATA[20:57:21.616 [Test worker] INFO org.springframework.test.context.support.AnnotationConfigContextLoaderUtils -- Could not detect default configuration classes for test class [com.example.tekken.TekkenApplicationTests]: TekkenApplicationTests does not declare any static, non-private, non-final, nested classes annotated with @Configuration.
20:57:21.692 [Test worker] INFO org.springframework.boot.test.context.SpringBootTestContextBootstrapper -- Found @SpringBootConfiguration com.example.tekken.TekkenApplication for test class com.example.tekken.TekkenApplicationTests

  .   ____          _            __ _ _
 /\\ / ___'_ __ _ _(_)_ __  __ _ \ \ \ \
( ( )\___ | '_ | '_| | '_ \/ _` | \ \ \ \
 \\/  ___)| |_)| | | | | || (_| |  ) ) ) )
  '  |____| .__|_| |_|_| |_\__, | / / / /
 =========|_|==============|___/=/_/_/_/

 :: Spring Boot ::                (v3.5.0)

2026-05-19T20:57:21.996+09:00  INFO 11924 --- [tekken-api] [    Test worker] c.example.tekken.TekkenApplicationTests  : Starting TekkenApplicationTests using Java 17.0.11 with PID 11924 (started by shekd in D:\intellij\tekken\backend)
2026-05-19T20:57:21.997+09:00  INFO 11924 --- [tekken-api] [    Test worker] c.example.tekken.TekkenApplicationTests  : No active profile set, falling back to 1 default profile: "default"
2026-05-19T20:57:22.638+09:00  INFO 11924 --- [tekken-api] [    Test worker] c.example.tekken.TekkenApplicationTests  : Started TekkenApplicationTests in 0.847 seconds (process running for 1.564)
]]></system-out>
  <system-err><![CDATA[]]></system-err>
</testsuite>
